  voicechat.cpp
  stdafx.cpp
  p2pauth.cpp
  musicplayer.cpp
  htmlsurface.cpp
  gameenginewin32.cpp
  connectingmenu.cpp
  clanchatroom.cpp
  VectorEntity.cpp
  Sun.cpp
  StatsAndAchievements.cpp
  StarField.cpp
  SpaceWarServer.cpp
  SpaceWarEntity.cpp
  SpaceWarClient.cpp
  Ship.cpp
  ServerBrowser.cpp
  RemoteStorage.cpp
  QuitMenu.cpp
  PhotonBeam.cpp
  Generating Code...
  Compiling...
  MainMenu.cpp
  Main.cpp
  Lobby.cpp
  Leaderboards.cpp
  Inventory.cpp
  Friends.cpp
  BaseMenu.cpp
  Generating Code...
gameenginewin32.obj : error LNK2019: unresolved external symbol Direct3DCreate9 referenced in function "private: bool __cdecl CGameEngineWin32::BInitializeD3D9(void)" (?BInitializeD3D9@CGameEngineWin32@@AEAA_NXZ)
gameenginewin32.obj : error LNK2019: unresolved external symbol D3DXCreateFontA referenced in function "public: virtual int __cdecl CGameEngineWin32::HCreateFont(int,int,bool,char const *)" (?HCreateFont@CGameEngineWin32@@UEAAHHH_NPEBD@Z)
C:\Program Files (x86)\Microsoft DirectX SDK (June 2010)\Lib\x86\d3d9.lib : warning LNK4272: library machine type 'x86' conflicts with target machine type 'x64'
C:\Program Files (x86)\Microsoft DirectX SDK (June 2010)\Lib\x86\d3dx9.lib : warning LNK4272: library machine type 'x86' conflicts with target machine type 'x64'
C:\Program Files (x86)\Microsoft DirectX SDK (June 2010)\Lib\x86\dxguid.lib : warning LNK4272: library machine type 'x86' conflicts with target machine type 'x64'
win64\Debug\SteamworksExample.exe : fatal error LNK1120: 2 unresolved externals
